<?xml version="1.0" encoding="UTF-8"?>
<testng-results skipped="0" failed="0" ignored="0" total="1" passed="1">
  <reporter-output>
  </reporter-output>
  <suite name="Suite" duration-ms="39063" started-at="2020-01-11T16:56:09 IST" finished-at="2020-01-11T16:56:48 IST">
    <groups>
    </groups>
    <test name="Test" duration-ms="39063" started-at="2020-01-11T16:56:09 IST" finished-at="2020-01-11T16:56:48 IST">
      <class name="Tests.TC001_GetSeatcount">
        <test-method status="PASS" signature="launchBrowser()[pri:0, instance:Tests.TC001_GetSeatcount@d44fc21]" name="launchBrowser" is-config="true" duration-ms="23300" started-at="2020-01-11T16:56:09 IST" finished-at="2020-01-11T16:56:32 IST">
          <reporter-output>
          </reporter-output>
        </test-method> <!-- launchBrowser -->
        <test-method status="PASS" signature="test()[pri:0, instance:Tests.TC001_GetSeatcount@d44fc21]" name="test" duration-ms="13474" started-at="2020-01-11T16:56:32 IST" finished-at="2020-01-11T16:56:46 IST">
          <reporter-output>
          </reporter-output>
        </test-method> <!-- test -->
        <test-method status="PASS" signature="closeBrowser()[pri:0, instance:Tests.TC001_GetSeatcount@d44fc21]" name="closeBrowser" is-config="true" duration-ms="2227" started-at="2020-01-11T16:56:46 IST" finished-at="2020-01-11T16:56:48 IST">
          <reporter-output>
          </reporter-output>
        </test-method> <!-- closeBrowser -->
      </class> <!-- Tests.TC001_GetSeatcount -->
    </test> <!-- Test -->
  </suite> <!-- Suite -->
</testng-results>
